[34m[INFO](B[m Package aylurs-gtk-shell not installed, skipping.
[34m[INFO](B[m Package dunst not installed, skipping.
[34m[INFO](B[m Package cachyos-hyprland-settings not installed, skipping.
[34m[INFO](B[m Package mako not installed, skipping.
[33m[NOTE](B[m removing rofi ...
error: target not found: rofi
[34m[INFO](B[m Package wallust-git not installed, skipping.
[34m[INFO](B[m Package rofi-lbonn-wayland not installed, skipping.
[34m[INFO](B[m Package rofi-lbonn-wayland-git not installed, skipping.
:: Resolving dependencies...
:: There are 2 providers available for wallust:
:: Repository AUR:
    1) wallust  2) wallust-git  
Enter a number (default=1): :: Calculating conflicts...
:: Calculating inner conflicts...

Aur (1)      Old Version  New Version    Make Only
aur/wallust               3.3.0-2        No

:: Proceed to review? [Y/n]: 

:: Downloading PKGBUILDs...
 PKGBUILDs up to date
fetching devel info...

==> ERROR: Aborted by user! Exiting...
