[34m[INFO](B[m Package aylurs-gtk-shell not installed, skipping.
[34m[INFO](B[m Package dunst not installed, skipping.
[34m[INFO](B[m Package cachyos-hyprland-settings not installed, skipping.
[34m[INFO](B[m Package mako not installed, skipping.
[33m[NOTE](B[m removing rofi ...
error: target not found: rofi
[34m[INFO](B[m Package wallust-git not installed, skipping.
[34m[INFO](B[m Package rofi-lbonn-wayland not installed, skipping.
[34m[INFO](B[m Package rofi-lbonn-wayland-git not installed, skipping.
resolving dependencies...
looking for conflicting packages...

Package (2)           New Version  Net Change  Download Size

extra/gtksourceview4  4.8.4-2        7.39 MiB       0.95 MiB
extra/mousepad        0.6.5-1        2.10 MiB       0.43 MiB

Total Download Size:   1.38 MiB
Total Installed Size:  9.48 MiB

:: Proceed with installation? [Y/n] 
:: Retrieving packages...
 gtksourceview4-4.8.4-2-x86_64 downloading...
 mousepad-0.6.5-1-x86_64 downloading...
checking keyring...
checking package integrity...
loading package files...
checking for file conflicts...
checking available disk space...
:: Processing package changes...
installing gtksourceview4...
installing mousepad...
Optional dependencies for mousepad
    gspell: spell checking plugin [installed]
    libxfce4ui: shortcuts editor plugin [installed]
:: Running post-transaction hooks...
(1/4) Arming ConditionNeedsUpdate...
(2/4) Compiling GSettings XML schema files...
(3/4) Updating icon theme caches...
(4/4) Updating the desktop file MIME type cache...
