Failed to disable unit: Unit pulseaudio.socket does not exist
Sync Explicit (1): pipewire-audio-1:1.4.2-1
resolving dependencies...
looking for conflicting packages...

Package (6)               Old Version  New Version  Net Change  Download Size

extra/alsa-card-profiles               1:1.4.2-1      0.19 MiB       0.03 MiB
extra/libebur128                       1.2.6-2        0.05 MiB       0.02 MiB
extra/libmysofa                        1.3.3-1        1.26 MiB       1.11 MiB
extra/libpipewire         1:1.2.6-1    1:1.4.2-1      0.27 MiB       0.45 MiB
extra/pipewire            1:1.2.6-1    1:1.4.2-1      0.11 MiB       0.63 MiB
extra/pipewire-audio                   1:1.4.2-1      5.96 MiB       1.52 MiB

Total Download Size:    3.75 MiB
Total Installed Size:  12.08 MiB
Net Upgrade Size:       7.83 MiB

:: Proceed with installation? [Y/n] 
:: Retrieving packages...
 pipewire-audio-1:1.4.2-1-x86_64 downloading...
 libmysofa-1.3.3-1-x86_64 downloading...
 pipewire-1:1.4.2-1-x86_64 downloading...
 libpipewire-1:1.4.2-1-x86_64 downloading...
 alsa-card-profiles-1:1.4.2-1-x86_64 downloading...
 libebur128-1.2.6-2-x86_64 downloading...
checking keyring...
checking package integrity...
loading package files...
checking for file conflicts...
checking available disk space...
:: Processing package changes...
upgrading libpipewire...
upgrading pipewire...
installing alsa-card-profiles...
installing libebur128...
installing libmysofa...
installing pipewire-audio...
:: Running post-transaction hooks...
(1/3) Reloading user manager configuration...
(2/3) Reloading device manager configuration...
(3/3) Arming ConditionNeedsUpdate...
Sync Explicit (1): pipewire-alsa-1:1.4.2-1
resolving dependencies...
looking for conflicting packages...

Package (1)          New Version  Net Change  Download Size

extra/pipewire-alsa  1:1.4.2-1      0.00 MiB       0.00 MiB

Total Download Size:   0.00 MiB
Total Installed Size:  0.00 MiB

:: Proceed with installation? [Y/n] 
:: Retrieving packages...
 pipewire-alsa-1:1.4.2-1-x86_64 downloading...
checking keyring...
checking package integrity...
loading package files...
checking for file conflicts...
checking available disk space...
:: Processing package changes...
installing pipewire-alsa...
:: Running post-transaction hooks...
(1/1) Arming ConditionNeedsUpdate...
Sync Explicit (1): pipewire-pulse-1:1.4.2-1
resolving dependencies...
looking for conflicting packages...

Package (1)           New Version  Net Change  Download Size

extra/pipewire-pulse  1:1.4.2-1      0.50 MiB       0.20 MiB

Total Download Size:   0.20 MiB
Total Installed Size:  0.50 MiB

:: Proceed with installation? [Y/n] 
:: Retrieving packages...
 pipewire-pulse-1:1.4.2-1-x86_64 downloading...
checking keyring...
checking package integrity...
loading package files...
checking for file conflicts...
checking available disk space...
:: Processing package changes...
installing pipewire-pulse...
Created symlink '/etc/systemd/user/sockets.target.wants/pipewire-pulse.socket' → '/usr/lib/systemd/user/pipewire-pulse.socket'.
:: Running post-transaction hooks...
(1/3) Reloading user manager configuration...
(2/3) Arming ConditionNeedsUpdate...
(3/3) Compiling GSettings XML schema files...
Created symlink '/home/tayyab/.config/systemd/user/sockets.target.wants/pipewire.socket' → '/usr/lib/systemd/user/pipewire.socket'.
Created symlink '/home/tayyab/.config/systemd/user/sockets.target.wants/pipewire-pulse.socket' → '/usr/lib/systemd/user/pipewire-pulse.socket'.
Created symlink '/home/tayyab/.config/systemd/user/pipewire-session-manager.service' → '/usr/lib/systemd/user/wireplumber.service'.
Created symlink '/home/tayyab/.config/systemd/user/pipewire.service.wants/wireplumber.service' → '/usr/lib/systemd/user/wireplumber.service'.
Created symlink '/home/tayyab/.config/systemd/user/default.target.wants/pipewire.service' → '/usr/lib/systemd/user/pipewire.service'.

[32m[OK](B[m Pipewire Installation and services setup complete!
