Sync Explicit (1): xdg-desktop-portal-hyprland-1.3.9-9
resolving dependencies...
looking for conflicting packages...
:: hyprutils-0.7.1-1 and hyprutils-git-0.5.2.r2.g7248194a-1 are in conflict. Remove hyprutils-git? [y/N] error: unresolvable package conflicts detected
error: failed to prepare transaction (conflicting dependencies)

:: hyprutils-0.7.1-1 and hyprutils-git-0.5.2.r2.g7248194a-1 are in conflict
 -> error installing repo packages
Sync Explicit (1): umockdev-0.18.4-1
resolving dependencies...
looking for conflicting packages...

Package (1)     New Version  Net Change  Download Size

extra/umockdev  0.18.4-1       0.63 MiB       0.14 MiB

Total Download Size:   0.14 MiB
Total Installed Size:  0.63 MiB

:: Proceed with installation? [Y/n] 
:: Retrieving packages...
 umockdev-0.18.4-1-x86_64 downloading...
checking keyring...
checking package integrity...
loading package files...
checking for file conflicts...
checking available disk space...
:: Processing package changes...
installing umockdev...
:: Running post-transaction hooks...
(1/1) Arming ConditionNeedsUpdate...
