Sync Explicit (1): hypridle-0.1.6-4
resolving dependencies...
looking for conflicting packages...

Package (2)      New Version  Net Change  Download Size

extra/sdbus-cpp  2.1.0-2        0.83 MiB       0.22 MiB
extra/hypridle   0.1.6-4        0.24 MiB       0.10 MiB

Total Download Size:   0.32 MiB
Total Installed Size:  1.07 MiB

:: Proceed with installation? [Y/n] 
:: Retrieving packages...
 sdbus-cpp-2.1.0-2-x86_64 downloading...
 hypridle-0.1.6-4-x86_64 downloading...
checking keyring...
checking package integrity...
loading package files...
checking for file conflicts...
checking available disk space...
:: Processing package changes...
installing sdbus-cpp...
installing hypridle...
:: Running post-transaction hooks...
(1/2) Reloading user manager configuration...
(2/2) Arming ConditionNeedsUpdate...
Sync Explicit (1): hyprlock-0.8.2-1
resolving dependencies...
looking for conflicting packages...
:: hyprgraphics-0.1.3-4 and hyprgraphics-git-0.1.2.r2.g175c6b29-1 are in conflict. Remove hyprgraphics-git? [y/N] error: unresolvable package conflicts detected
error: failed to prepare transaction (conflicting dependencies)

:: hyprgraphics-0.1.3-4 and hyprgraphics-git-0.1.2.r2.g175c6b29-1 are in conflict
 -> error installing repo packages
