[34m[INFO](B[m Package aylurs-gtk-shell not installed, skipping.
[34m[INFO](B[m Package dunst not installed, skipping.
[34m[INFO](B[m Package cachyos-hyprland-settings not installed, skipping.
[34m[INFO](B[m Package mako not installed, skipping.
[33m[NOTE](B[m removing rofi ...
error: target not found: rofi
[34m[INFO](B[m Package wallust-git not installed, skipping.
[34m[INFO](B[m Package rofi-lbonn-wayland not installed, skipping.
[34m[INFO](B[m Package rofi-lbonn-wayland-git not installed, skipping.
resolving dependencies...
looking for conflicting packages...

Package (1)     New Version  Net Change  Download Size

extra/cliphist  1:0.6.1-1      2.00 MiB       0.79 MiB

Total Download Size:   0.79 MiB
Total Installed Size:  2.00 MiB

:: Proceed with installation? [Y/n] 
:: Retrieving packages...
 cliphist-1:0.6.1-1-x86_64 downloading...
checking keyring...
checking package integrity...
loading package files...
checking for file conflicts...
checking available disk space...
:: Processing package changes...
installing cliphist...
Optional dependencies for cliphist
    xdg-utils: image and mime inferance [installed]
:: Running post-transaction hooks...
(1/1) Arming ConditionNeedsUpdate...
resolving dependencies...
looking for conflicting packages...

Package (1)            New Version  Net Change  Download Size

extra/hyprpolkitagent  0.1.2-7        0.19 MiB       0.08 MiB

Total Download Size:   0.08 MiB
Total Installed Size:  0.19 MiB

:: Proceed with installation? [Y/n] 
:: Retrieving packages...
 hyprpolkitagent-0.1.2-7-x86_64 downloading...
checking keyring...
checking package integrity...
loading package files...
checking for file conflicts...
checking available disk space...
:: Processing package changes...
installing hyprpolkitagent...
:: Running post-transaction hooks...
(1/2) Reloading user manager configuration...
(2/2) Arming ConditionNeedsUpdate...
:: Resolving dependencies...
:: There are 2 providers available for wallust:
:: Repository AUR:
    1) wallust  2) wallust-git  
Enter a number (default=1): :: Calculating conflicts...
:: Calculating inner conflicts...

Aur (1)      Old Version  New Version    Make Only
aur/wallust               3.3.0-2        No

:: Proceed to review? [Y/n]: 

:: Downloading PKGBUILDs...
 PKGBUILDs up to date
fetching devel info...
==> Making package: wallust 3.3.0-2 (Sun May 18 00:25:52 2025)
==> Retrieving sources...
  -> Found wallust-3.3.0.tar.gz
==> Validating source files with sha256sums...
    wallust-3.3.0.tar.gz ... Passed

==> ERROR: Aborted by user! Exiting...
